<?xml version="1.0" encoding="UTF-8"?>
<!-- Generated by org.testng.reporters.JUnitReportReporter -->
<testsuite hostname="DESKTOP-FIOD1E6" failures="0" tests="2" name="testcases.LoginPageTest" time="0.496" errors="0" timestamp="21 May 2018 20:51:59 GMT" skipped="0">
  <testcase classname="testcases.LoginPageTest" name="loginPageTitletest" time="0.152"/>
  <testcase classname="testcases.LoginPageTest" name="loginTest" time="0.344"/>
</testsuite> <!-- testcases.LoginPageTest -->
